<?xml version="1.0" encoding="UTF-8"?>
<testng-results ignored="0" total="1" passed="1" failed="0" skipped="0">
  <reporter-output>
  </reporter-output>
  <suite started-at="2024-11-21T13:48:44 IST" name="Default suite" finished-at="2024-11-21T13:48:46 IST" duration-ms="1814">
    <groups>
    </groups>
    <test started-at="2024-11-21T13:48:44 IST" name="Default test" finished-at="2024-11-21T13:48:46 IST" duration-ms="1814">
      <class name="testapi.DeleteMethodOfRestAssured">
        <test-method is-config="true" signature="setup()[pri:0, instance:testapi.DeleteMethodOfRestAssured@791f145a]" started-at="2024-11-21T13:48:44 IST" name="setup" finished-at="2024-11-21T13:48:44 IST" duration-ms="196" status="PASS">
          <reporter-output>
          </reporter-output>
        </test-method> <!-- setup -->
        <test-method signature="testDelete_API()[pri:0, instance:testapi.DeleteMethodOfRestAssured@791f145a]" started-at="2024-11-21T13:48:44 IST" name="testDelete_API" finished-at="2024-11-21T13:48:46 IST" duration-ms="1408" status="PASS">
          <reporter-output>
          </reporter-output>
        </test-method> <!-- testDelete_API -->
        <test-method is-config="true" signature="tearDown()[pri:0, instance:testapi.DeleteMethodOfRestAssured@791f145a]" started-at="2024-11-21T13:48:46 IST" name="tearDown" finished-at="2024-11-21T13:48:46 IST" duration-ms="180" status="PASS">
          <reporter-output>
          </reporter-output>
        </test-method> <!-- tearDown -->
      </class> <!-- testapi.DeleteMethodOfRestAssured -->
    </test> <!-- Default test -->
  </suite> <!-- Default suite -->
</testng-results>
